Godot Engine v3.3.2.stable.mono.official - https://godotengine.org
OpenGL ES 3.0 Renderer: NVIDIA GeForce GTX 1050 Ti/PCIe/SSE2
OpenGL ES Batching: ON
 
Mono: Log file is: 'C:\Users\admin\AppData\Roaming/Godot/mono/mono_logs/2021-11-09_04.13.27_13160.log'
50
88.888885
91.168091
91.168091
94.395279
94.395279
97.560974
97.560974
100.787399
100.787399
103.225807
103.225807
104.065041
104.065041
104.404564
104.91803
104.91803
105.436577
105.436577
106.312294
106.312294
107.925804
107.925804
109.777016
109.777016
112.084061
112.084061
113.475174
113.475174
114.490158
114.490158
115.942032
115.942032
117.43119
117.43119
117.863724
117.863724
118.299446
118.299446
119.402985
119.402985
120.527306
120.527306
121.673004
121.673004
122.840691
122.840691
124.756332
124.756332
125.73674
125.73674
127.23658
127.23658
128.256516
128.256516
129.554657
129.554657
130.346237
130.346237
131.958755
131.958755
133.056137
133.056137
134.736847
134.736847
136.170212
136.170212
137.93103
137.93103
139.130432
139.130432
141.28035
141.28035
142.857147
142.857147
144.14415
144.14415
146.118729
146.118729
148.148148
148.148148
149.882904
149.882904
151.658768
151.658768
153.110046
153.110046
154.589371
154.589371
155.717758
155.717758
156.862747
156.862747
158.415848
158.415848
160
160
161.209061
161.209061
162.436554
162.436554
163.265305
163.265305
164.948456
164.948456
165.37468
165.37468
166.233765
166.233765
172.043015
172.043015
174.863388
174.863388
177.285324
177.285324
178.27298
178.27298
179.271713
179.271713
180.790955
180.790955
184.438034
184.438034
187.134506
187.134506
189.91098
189.91098
191.61676
191.61676
192.771088
192.771088
193.35347
193.35347
193.939392
193.939392
195.121948
195.121948
196.319016
196.319016
197.530869
197.530869
199.376953
199.376953
201.257858
201.257858
202.531647
202.531647
204.472839
204.472839
205.128204
205.128204
205.787781
205.787781
200
200
193.939392
193.939392
186.046509
186.046509
172.506744
172.506744
165.803116
165.803116
160
160
153.110046
153.110046
145.12471
145.12471
142.538971
142.538971
141.28035
141.28035
141.169983
138.741714
138.741714
137.748337
137.748337
135.209717
135.209717
132.339951
132.339951
127.814568
127.814568
124.834435
124.834435
120.750549
120.750549
116.335541
116.335541
112.472404
112.472404
107.947021
107.947021
103.090508
103.090508
99.558502
99.558502
97.240616
97.240616
95.916115
95.916115
95.474617
95.474617
95.25386
94.812363
94.812363
94.370857
94.370857
93.818985
93.818985
93.046356
93.046356
92.604858
92.604858
92.384109
92.384109
91.942604
91.942604
91.611481
91.059601
91.059601
90.618103
90.618103
88.189842
88.189842
84.768211
84.768211
74.72406
74.72406
63.686535
63.686535
51.876381
51.876381
50
50
50
50
50
50
50
50
50
50
50
50
50
50
50
50
50
50
50
50
50
50
50
50
50
50
50
50
50
50
55.739513
55.739513
61.589405
61.589405
65.783661
65.783661
69.536423
69.536423
72.295807
72.295807
74.061813
74.061813
75.827812
75.827812
77.924942
77.924942
80.905075
80.905075
83.002205
83.002205
84.657837
84.657837
85.651215
85.651215
86.534218
86.534218
87.417221
87.417221
89.955849
89.955849
93.046356
93.046356
96.357613
96.357613
99.779251
99.779251
102.09713
102.09713
103.863136
103.863136
105.408386
105.408386
107.615891
107.615891
109.933777
109.933777
113.245033
113.245033
115.894043
115.894043
118.322296
118.322296
120.198677
120.198677
121.192055
121.192055
121.964684
121.964684
122.737305
122.737305
123.509933
123.509933
124.72406
124.72406
126.600441
126.600441
128.476822
128.476822
130.353195
130.353195
131.788086
131.788086
132.560699
132.560699
133.333328
133.333328
133.99559
133.99559
135.209717
135.209717
137.858719
137.858719
139.293594
139.293594
140.176605
140.176605
140.618103
140.618103
141.28035
141.28035
142.163361
142.163361
142.935989
142.935989
143.708603
143.708603
144.370865
144.370865
144.701981
144.701981
144.922745
145.143494
145.143494
145.80574
145.80574
146.909485
146.909485
148.013245
148.013245
149.117004
149.117004
149.337753
149.558502
149.558502
149.117004
149.117004
148.233994
148.233994
147.019867
147.019867
144.370865
144.370865
141.942612
141.942612
138.300217
138.300217
135.540833
135.540833
133.002213
133.002213
130.353195
130.353195
128.697571
128.697571
127.37307
127.37307
125.607063
125.607063
123.730682
123.730682
121.964684
121.964684
120.198677
120.198677
118.543045
118.543045
116.335541
116.335541
114.238411
114.238411
111.147903
111.147903
108.609268
108.609268
106.953644
106.953644
105.077263
105.077263
103.752762
103.752762
102.538628
102.538628
101.214127
101.214127
100
100
98.896248
98.896248
97.792496
97.792496
96.688744
96.688744
95.474617
95.474617
94.150108
94.150108
92.604858
92.604858
91.28035
91.28035
90.507729
90.507729
89.845474
89.845474
89.514351
89.293602
89.293602
88.962471
88.962471
88.520973
87.969093
87.969093
87.08609
87.08609
86.313469
86.313469
85.54084
85.54084
84.768211
84.768211
83.554085
83.554085
82.119202
82.119202
79.580574
79.580574
78.587196
78.587196
78.035316
78.035316
77.37307
77.37307
76.931564
76.931564
76.490067
76.490067
76.048569
75.386314
75.386314
75.055191
74.72406
74.72406
74.172188
74.172188
73.620308
73.620308
73.068436
73.068436
72.62693
72.62693
71.964684
71.964684
71.523178
70.860924
70.860924
70.419426
70.419426
69.977928
69.977928
69.646797
68.653419
68.653419
67.660042
67.660042
66.55629
66.55629
65.01104
65.01104
63.907284
63.907284
62.582783
62.582783
61.368652
61.368652
59.713024
59.713024
57.947021
57.947021
56.181015
56.181015
54.525387
54.525387
52.869759
52.869759
51.766003
51.766003
51.103752
51.103752
50.331127
50.331127
50
50
50
50
50
50
50
50
50
50
50
50
50
50
50
50
50
50
50
50
50
50
50
50
50
50
50
50
50
50
50
50
50
50
50
50
50
50
50
50
50
50
50
50
50
50
50
50
50
50
50
50
50
50
50
50
50
50
50
50
50
50
50
50
50
50
50
50
50
50
50
50.331127
50.772629
50.772629
51.214127
51.214127
51.876381
51.876381
52.538631
52.538631
53.090508
53.090508
53.311256
53.973511
53.973511
54.525387
54.525387
54.966888
55.518764
55.518764
55.960266
56.622517
56.622517
57.284767
57.284767
57.726269
57.726269
58.16777
58.16777
58.719646
58.719646
59.492275
59.492275
61.147903
61.147903
62.582783
62.582783
64.679909
64.679909
66.777039
66.777039
68.322296
68.322296
69.536423
69.536423
70.750549
70.750549
71.964684
71.964684
74.172188
74.172188
79.801323
79.801323
83.333336
83.333336
85.761589
85.761589
87.527596
87.527596
89.072845
89.072845
90.176598
90.176598
91.28035
91.28035
93.708611
93.708611
96.799118
96.799118
99.779251
99.779251
102.317879
102.317879
102.759384
102.759384
102.980133
104.304634
104.304634
106.732895
106.732895
109.492271
109.492271
112.582779
112.582779
114.569534
114.569534
116.445915
116.445915
117.770416
117.770416
119.426048
119.426048
121.08168
121.08168
122.185432
122.185432
122.958054
122.958054
123.17881
123.17881
123.730682
123.730682
124.944809
124.944809
125.827812
125.827812
126.490067
126.490067
126.710815
126.710815
126.931564
127.262695
127.262695
127.483444
128.333328
128.333328
130.952377
130.952377
134.302322
134.302322
140.510956
140.510956
148.84021
148.84021
158.219177
158.219177
168.36734
168.36734
176.605499
176.605499
183.917191
183.917191
193.791946
193.791946
202.631577
202.631577
213.888885
213.888885
222.115387
222.115387
231
231
250
250
256.666656
256.666656
261.312225
261.312225
267.361115
267.361115
271.12677
271.12677
273.696686
273.696686
276.315796
276.315796
277.644226
277.644226
276.315796
276.315796
269.859802
269.859802
258.968597
258.968597
242.647064
242.647064
219.581757
219.581757
201.92308
201.92308
193.143814
193.143814
183.333328
183.333328
171.36499
171.36499
160.416672
160.416672
150
150
141.891891
141.891891
138.157898
138.157898
129.484299
129.484299
122.872337
122.872337
118.58316
118.58316
117.378052
117.378052
114.811134
114.811134
108.757065
108.757065
105.383209
105.383209
104.430382
104.430382
104.054054
103.494621
103.494621
102.758011
102.758011
102.393616
102.393616
102.212387
101.672539
101.672539
100.785339
100.785339
99.740936
99.740936
99.056602
99.056602
98.717949
98.717949
98.549484
98.886986
105.383209
105.383209
118.827164
118.827164
137.828156
137.828156
157.356949
157.356949
177.147232
177.147232
190.594055
190.594055
195.762711
195.762711
191.225159
191.225159
166.907516
166.907516
146.573608
146.573608
123.92704
123.92704
111.271675
111.271675
102.575485
102.575485
98.381599
98.381599
94.983551
94.983551
93.446602
93.446602
92.54808
92.54808
92.400002
92.400002
93.446602
93.446602
105
105
137.173401
137.173401
179.90654
179.90654
219.581757
219.581757
239.626556
239.626556
248.922409
248.922409
243.670883
243.670883
196.428574
196.428574
148.07692
148.07692
130.952377
130.952377
122.872337
122.872337
120.06237
120.06237
121.835442
121.835442
129.484299
129.484299
134.615387
134.615387
138.157898
138.157898
139.156631
139.156631
127.765488
127.765488
124.730019
124.730019
123.661667
123.661667
123.134331
123.134331
122.351692
122.351692
117.378052
117.378052
114.811134
114.811134
111.702126
111.702126
101.138351
101.138351
98.381599
98.381599
97.550674
97.550674
97.222221
97.222221
96.571907
96.571907
95.454544
95.454544
96.089851
96.089851
99.740936
99.740936
104.241875
104.241875
111.057693
111.057693
118.827164
118.827164
123.397438
123.397438
125.54348
125.54348
126.091705
126.091705
126.92308
126.92308
128.90625
128.90625
133.064514
133.064514
138.489212
138.489212
142.241379
142.241379
141.891891
141.891891
138.489212
138.489212
136.524826
136.524826
134.929901
134.929901
133.064514
133.064514
130.656113
130.656113
128.048782
128.048782
126.367615
126.367615
125.816994
125.816994
125.271149
125.271149
124.19355
124.19355
123.661667
123.661667
124.19355
124.19355
126.644737
126.644737
136.848343
136.848343
146.20253
146.20253
153.183029
153.183029
156.929352
156.929352
160.86351
160.86351
165.472778
165.472778
171.36499
171.36499
175
175
176.605499
176.605499
175.531921
175.531921
170.353989
170.353989
165
165
159.090912
159.090912
152.374664
152.374664
146.20253
146.20253
140.510956
140.510956
135.563385
135.563385
133.680557
133.680557
132.151031
132.151031
130.361176
130.361176
128.333328
128.333328
126.92308
126.92308
126.091705
126.091705
123.397438
123.397438
121.323532
121.323532
120.3125
120.3125
120.563675
120.563675
128.90625
128.90625
132.758621
132.758621
132.873566
131.264374
131.264374
127.241379
127.241379
121.149422
121.149422
112.988503
112.988503
106.551727
106.551727
101.839081
101.839081
99.425285
99.425285
98.850578
98.850578
98.620689
97.586205
97.586205
97.011497
97.011497
95.977013
95.977013
95.632187
95.287354
95.287354
94.597702
94.597702
94.022987
94.022987
93.678162
93.678162
94.597702
94.597702
97.126434
97.126434
101.149422
101.149422
104.022987
104.022987
107.126434
107.126434
110.229881
110.229881
111.494255
111.494255
110.45977
110.45977
105.977013
105.977013
97.356323
97.356323
85.402298
85.402298
71.494255
71.494255
60.804596
60.804596
53.793102
53.793102
50
50
50
50
50
50
50
50
50
50
50
50
50
50
50
50
50
50
50
50
50
50
50
50
50.804596
50.804596
54.597702
54.597702
58.160919
58.160919
60.114941
60.114941
62.643677
62.643677
64.022987
64.022987
65.287354
65.287354
66.206894
66.206894
66.896553
66.896553
68.275864
68.275864
69.195404
69.195404
70.229881
70.229881
70.91954
70.91954
71.264366
71.264366
71.609192
71.609192
72.068962
72.068962
72.643677
72.643677
73.103447
73.103447
73.448273
73.678162
73.678162
73.793106
73.908043
74.022987
74.022987
75.172417
75.172417
77.011497
77.011497
78.045975
78.045975
79.08046
79.08046
80.114944
80.114944
82.298851
82.298851
83.563217
83.563217
85.057472
85.057472
85.402298
85.172417
83.333336
83.333336
81.724136
81.724136
80.45977
80.45977
78.620689
78.620689
76.781609
76.781609
75.747124
75.747124
74.022987
74.022987
72.528732
72.528732
71.494255
71.494255
70.689651
70.689651
69.655174
69.655174
68.505745
68.505745
65.287354
65.287354
62.873562
62.873562
60.114941
60.114941
57.931034
57.931034
56.551723
56.551723
55.747128
55.747128
54.482758
54.482758
53.448277
53.448277
52.758621
52.758621
52.298851
52.298851
52.183907
52.068966
51.839081
51.839081
51.264366
51.264366
50.229885
50.229885
50
50
50
50
50
50
50
50
50
50
50
50
50
50
50
50
50
50
50
50
50
50
50
50
50
50
50
50.91954
50.91954
51.954021
51.954021
53.908047
53.908047
55.862068
55.862068
57.586208
57.586208
58.850574
58.850574
60.344826
60.344826
61.839081
61.839081
62.873562
62.873562
64.252876
64.252876
64.942528
64.942528
65.402298
65.402298
65.632187
65.632187
65.747124
65.862068
65.977013
66.091957
66.091957
66.206894
66.436783
65.977013
65.977013
64.252876
64.252876
62.758621
62.758621
61.149426
61.149426
59.195404
59.195404
57.586208
57.586208
56.666668
56.666668
55.862068
55.862068
55.632183
55.402298
55.402298
54.942528
54.942528
54.367817
54.367817
53.678162
53.678162
52.988506
52.988506
52.528736
52.068966
52.068966
51.839081
51.839081
51.264366
51.264366
50.91954
50.91954
50.574711
50.344826
50.344826
50.114941
50
50
50
50
50
50
50
50
50
50
50
50
50
50
50
50
50
50
50
50
50
50.344826
51.609196
51.609196
52.873562
52.873562
54.252872
54.252872
57.011494
57.011494
59.310345
59.310345
60.574711
60.574711
61.609196
61.609196
62.643677
62.643677
63.793102
63.793102
65.057472
65.057472
66.436783
66.436783
67.586205
67.586205
68.850578
68.850578
70.45977
70.45977
72.068962
72.068962
73.448273
73.448273
74.712646
74.712646
75.862068
75.862068
77.356323
77.356323
79.770119
79.770119
82.298851
82.298851
84.482758
84.482758
87.011497
87.011497
89.54023
89.54023
92.413795
92.413795
95.287354
95.287354
97.586205
97.586205
100
100
101.724136
101.724136
103.218391
103.218391
105.172417
105.172417
106.896553
106.896553
108.390808
108.390808
109.655174
109.655174
110.344826
110.344826
111.034485
111.034485
113.218391
113.218391
116.091957
116.091957
118.160919
118.160919
120.344826
120.344826
121.724136
121.724136
123.563217
123.563217
125.747124
125.747124
128.620697
128.620697
131.034485
131.034485
131.724136
131.724136
131.609192
130.229889
130.229889
129.310349
129.310349
128.735626
128.735626
128.390808
128.390808
127.931038
127.931038
127.356323
127.356323
126.896553
126.896553
126.551727
126.436783
126.436783
126.206894
125.287354
125.287354
124.367813
124.367813
123.563217
123.563217
122.183907
122.183907
121.034485
121.034485
119.885056
119.885056
118.735634
118.735634
117.816093
117.816093
116.781609
116.781609
115.402298
115.402298
113.678162
113.678162
112.183907
112.183907
110.45977
110.45977
108.505745
108.505745
106.436783
106.436783
103.908043
103.908043
101.609192
101.609192
99.655174
99.655174
97.816093
97.816093
95.862068
95.862068
92.873566
92.873566
89.425285
89.425285
86.551727
86.551727
79.54023
79.54023
77.356323
77.356323
74.942528
74.942528
72.988503
72.988503
71.609192
71.609192
70.344826
70.344826
69.08046
69.08046
67.931038
67.931038
66.666664
66.666664
65.287354
65.287354
64.022987
64.022987
62.873562
62.873562
61.724136
61.724136
60.574711
60.574711
59.54023
59.54023
58.505749
58.505749
57.241379
57.241379
55.862068
55.862068
54.137932
54.137932
52.758621
52.758621
50.804596
50.804596
50
50
50
50
50
50
50
50
50
50
50
50
50
50
50
50
50
50
50
50
50
50
50
50
50
52.643677
52.643677
55.517242
55.517242
59.425289
59.425289
63.103447
63.103447
66.436783
66.436783
70.229881
70.229881
74.022987
74.022987
76.666664
76.666664
79.770119
79.770119
82.183907
82.183907
83.678162
83.678162
85.402298
85.402298
86.896553
86.896553
88.390808
88.390808
89.655174
89.655174
90.689651
90.689651
91.494255
91.494255
92.183907
92.183907
92.988503
92.988503
94.022987
94.022987
95.402298
95.402298
97.586205
97.586205
98.620689
98.620689
99.54023
99.54023
100.229881
100.229881
101.149422
101.149422
102.873566
102.873566
104.712646
104.712646
106.551727
106.551727
107.931038
107.931038
109.195404
109.195404
110.344826
110.344826
111.264366
111.264366
112.528732
112.528732
113.678162
113.678162
114.597702
114.597702
115.977013
115.977013
117.356323
117.356323
119.310349
119.310349
121.494255
121.494255
123.678162
123.678162
125.402298
125.402298
127.471268
127.471268
129.08046
129.08046
130.804596
130.804596
132.413788
132.413788
134.712646
134.712646
136.436783
136.436783
138.735626
138.735626
140.344833
140.344833
141.954025
141.954025
143.678162
143.678162
145.057465
145.057465
145.977005
145.977005
147.01149
147.01149
148.160919
148.160919
149.195404
149.195404
150.804596
150.804596
152.183914
152.183914
153.563217
153.563217
155.172409
155.172409
157.701157
157.701157
160.344833
160.344833
162.873566
162.873566
164.367813
164.367813
165.287354
165.287354
165.747131
165.747131
166.091949
166.091949
167.241379
167.241379
169.655167
169.655167
171.839081
171.839081
173.793106
173.793106
176.206894
176.206894
178.160919
178.160919
178.850571
178.850571
179.08046
179.08046
181.724136
181.724136
182.643677
182.643677
181.954025
181.954025
178.850571
178.850571
174.137924
174.137924
167.586212
167.586212
161.264374
161.264374
154.137924
154.137924
145.977005
145.977005
137.356323
137.356323
130
130
125.172417
125.172417
120.229881
120.229881
112.413795
112.413795
107.356323
107.356323
102.183907
102.183907
98.160919
98.160919
94.252876
94.252876
91.494255
91.494255
88.045975
88.045975
86.436783
86.436783
86.666664
86.666664
88.275864
88.275864
90.229881
90.229881
95.287354
95.287354
100.689651
100.689651
109.195404
109.195404
118.045975
118.045975
130.459763
130.459763
141.034485
141.034485
146.896545
146.896545
151.034485
151.034485
155.517242
155.517242
160.574707
160.574707
161.609192
161.609192
161.034485
161.034485
157.816086
157.816086
151.724136
151.724136
141.954025
141.954025
129.310349
129.310349
116.436783
116.436783
107.816093
107.816093
102.988503
102.988503
98.965515
98.965515
98.390808
98.390808
98.850578
98.850578
100.45977
100.45977
102.988503
102.988503
105.862068
105.862068
113.678162
113.678162
122.988503
122.988503
132.298843
132.298843
138.735626
138.735626
141.839081
141.839081
142.758621
142.758621
141.839081
141.839081
139.885056
139.885056
135.747131
135.747131
129.770111
129.770111
124.137932
124.137932
120.45977
120.45977
118.275864
118.275864
117.356323
117.356323
117.471268
118.390808
118.390808
119.770119
119.770119
122.413795
122.413795
126.551727
126.551727
130.459763
130.459763
133.103455
133.103455
134.022995
134.022995
134.137924
134.022995
132.98851
132.98851
130.804596
130.804596
125.517242
125.517242
118.620689
118.620689
110.574715
110.574715
101.839081
101.839081
91.034485
91.034485
80.574715
80.574715
69.08046
69.08046
66.551727
66.551727
66.206894
66.206894
66.321838
68.965515
68.965515
74.022987
74.022987
81.264366
81.264366
89.885056
89.885056
102.528732
102.528732
110.804596
110.804596
121.034485
121.034485
124.137932
124.137932
125.057472
125.057472
124.482758
124.482758
120.91954
120.91954
113.103447
113.103447
98.735634
98.735634
85.517242
85.517242
69.770119
69.770119
63.678162
63.678162
60.91954
60.91954
60.344826
60.344826
59.425289
59.425289
58.275864
58.275864
55.747128
55.747128
51.264366
51.264366
50
50
50
50
50
50
50
50
50
50
50
50
50
50
55.402298
55.402298
70.114944
70.114944
85.747124
85.747124
103.908043
103.908043
116.551727
116.551727
126.206894
126.206894
134.712646
134.712646
138.850571
138.850571
142.183914
142.183914
142.643677
142.643677
141.954025
141.954025
140.344833
140.344833
138.275864
138.275864
133.563217
133.563217
129.540237
129.540237
122.758621
122.758621
117.586205
117.586205
113.448273
113.448273
111.839081
111.839081
111.609192
112.758621
112.758621
114.827583
114.827583
116.321838
116.321838
118.160919
118.160919
120.574715
120.574715
124.252876
124.252876
129.195404
129.195404
135.632187
135.632187
136.551727
136.551727
134.942535
134.942535
129.770111
129.770111
121.264366
121.264366
109.655174
109.655174
99.425285
99.425285
95.172417
95.172417
92.873566
92.873566
92.758621
93.678162
93.678162
98.045975
98.045975
103.793106
103.793106
109.885056
109.885056
116.551727
116.551727
124.252876
124.252876
130.689651
130.689651
136.666672
136.666672
138.505753
138.505753
138.275864
138.275864
134.942535
134.942535
128.620697
128.620697
120.91954
120.91954
110.574715
110.574715
98.965515
98.965515
91.609192
91.609192
83.103447
83.103447
82.528732
82.528732
83.103447
83.103447
87.586205
87.586205
91.379311
91.379311
100.114944
100.114944
108.965515
108.965515
116.206894
116.206894
120.91954
120.91954
124.022987
124.022987
124.482758
123.563217
123.563217
119.08046
119.08046
112.528732
112.528732
107.011497
107.011497
103.103447
103.103447
101.264366
101.264366
100.91954
100.91954
102.413795
102.413795
107.241379
107.241379
114.712646
114.712646
120.344826
120.344826
124.712646
124.712646
129.770111
129.770111
132.298843
132.298843
132.758621
132.758621
131.724136
131.724136
127.471268
127.471268
120.45977
120.45977
109.885056
109.885056
100
100
94.367813
94.367813
91.149422
91.149422
91.724136
91.724136
95.862068
95.862068
102.988503
102.988503
111.494255
111.494255
117.701149
117.701149
122.183907
122.183907
123.793106
123.793106
123.333336
123.333336
122.068962
122.068962
120.45977
120.45977
119.08046
119.08046
115.862068
115.862068
113.218391
113.218391
110.344826
110.344826
107.126434
107.126434
105.172417
105.172417
104.252876
104.252876
104.137932
104.482758
107.471268
107.471268
110.344826
110.344826
114.137932
114.137932
117.816093
117.816093
124.482758
124.482758
127.816093
127.816093
128.275864
