Godot Engine v3.3.2.stable.mono.official - https://godotengine.org
OpenGL ES 3.0 Renderer: NVIDIA GeForce GTX 1050 Ti/PCIe/SSE2
OpenGL ES Batching: ON
 
Mono: Log file is: 'C:\Users\admin\AppData\Roaming/Godot/mono/mono_logs/2021-11-09_13.09.02_6928.log'
50
50
50.099998
50.099602
50.199802
50.198601
50.299412
50.197594
50.400036
50.294365
50.500927
50.390057
50.602142
50.385815
50.705696
50.477367
50.810223
50.567093
50.915894
50.556629
51.025558
50.639572
51.137402
50.719376
51.25185
50.698074
51.668419
50.748161
51.812935
50.692791
51.969799
50.815952
52.13509
50.832535
52.215847
50.842339
52.402065
50.834595
52.606983
50.710529
52.93689
50.639908
53.210178
50.720165
53.419342
50.586594
53.761787
50.399651
54.064381
50.161697
54.523102
49.842682
55.17305
49.309647
55.860771
48.72971
56.704941
47.970924
57.752274
46.894978
59.158997
45.57856
60.84317
43.855648
62.881676
41.646759
65.589043
38.746738
69.093681
34.924141
73.535721
29.957563
79.428123
23.369652
87.358597
14.4112
97.742409
2.582684
111.640244
-13.363
130.367447
-34.922565
155.430801
-63.967144
189.546021
-103.873383
236.493118
-158.605011
301.016235
-234.384933
390.561615
-339.957092
515.6297
-487.118011
689.27655
-692.989197
934.141296
-984.286743
1281.626953
-1396.683105
1772.072754
-1983.078247
2474.697021
-2825.889404
3481.80835
-4031.115479
4932.551758
-5779.731934
7043.918945
-8332.703125
10119.244141
-12043.131836
14620.331055
-17511.519531
21309.939453
-25664.027344
31329.056641
-38036.992188
46374.582031
-55992.246094
67535.0625
-81191.8125
97062.421875
-115773.132813
136498.546875
-160677.484375
187466.546875
-218469.390625
250480.515625
-286936.0625
324350.75
-366403.34375
410483.75
-459629.8125
506622.25
-558187.5
608533.375
-663192.375
709722.8125
-759296.4375
803441.4375
-849935.25
884036.6875
-919294.125
943298.375
-967721.5625
977499.75
-987173.75
987273.75
-987173.75
987273.75
-987173.75
987273.75
-987173.75
987273.75
-987173.75
987273.75
-987173.75
987273.75
-987173.75
987273.75
-987173.75
987273.75
-987173.75
987273.75
-987173.75
987273.75
-987173.75
987273.75
-987173.75
987273.75
-987173.75
987273.75
-987173.75
987273.75
-987173.75
987273.75
-987173.75
987273.75
-987173.75
987273.75
-987173.75
987273.75
-987173.75
987273.75
-987173.75
987273.75
-987173.75
987273.75
-987173.75
987273.75
-987173.75
987273.75
-987173.75
987273.75
-987173.75
987273.75
-987173.75
987273.75
-987173.75
987273.75
-987173.75
987273.75
-987173.75
987273.75
-987173.75
987273.75
-987173.75
987273.75
-987173.75
987273.75
-987173.75
987273.75
-987173.75
987273.75
-987173.75
987273.75
-987173.75
987273.75
-987173.75
987273.75
-987173.75
987273.75
-987173.75
987273.75
-987173.75
987273.75
-987173.75
987273.75
-987173.75
987273.75
-989148.125
997162.125
-1017003.375
1037445.4375
-1068465.75
1100622.75
-1146744.75
1195012.25
-1254657.875
1322514.75
-1393825.125
1477560.625
-1574973
1679027.875
-1793095
1925891.375
-2068299.875
2233871.75
-2412473.5
2624880
-2887258
3176093.75
-3512649
3906177
-4343557.5
4856209
-5497115.5
6222848
-7093932.5
8087197
-9267813
10658100
-12256700
14144347
-16463904
19164100
-22575192
26593694
-31699564
37786000
-45418652
54593340
-66603752
81256696
-100108128
123333336
-153179872
190249520
-238192272
298216864
-376349568
474953280
-604140416
768466752
-1002080512
1306713088
-1732701440
2297562368
-3064947968
4088640768
-5536019456
7495770624
-10344163328
14274945024
-20670119936
29930334208
-44476477440
66092044288
-100063354880
151495917568
-235727650816
366792212480
-587601149952
941337018368
-1538144731136
2513328406528
-4152018599936
6859134599168
-11358726782976
18832768892928
-31300062806016
52020702609408
-86354369183744
141966587199488
-233393069490176
380430687666176
-620102009487360
989682804457472
-1579533815775232
2445118439161856
-3785043277250560
5526163157942272
-8068198071009280
11085704654225408
-15231757917880320
19984066216460288
-26219093862383616
33560440659247104
-42957365246427136
54040365144997888
-67982778175586304
84162675893862400
-104193389750124540
126699164410052610
-154066180624089090
183338753568276480
-218173120182222850
254826199287595010
-297637007364980740
341092008997158910
-390891433239773180
436234846092656640
-486838082054651900
531627169248444420
-580536848066019330
610724764440330240
-642482439821721600
665611835143094270
-689573835644600320
700607022512472060
-711816749716078590
711816749716078590
-711816749716078590
711816749716078590
-711816749716078590
711816749716078590
-711816749716078590
711816749716078590
-711816749716078590
711816749716078590
-711816749716078590
711816749716078590
-711816749716078590
711816749716078590
-711816749716078590
711816749716078590
-711816749716078590
711816749716078590
-711816749716078590
711816749716078590
-711816749716078590
711816749716078590
-711816749716078590
711816749716078590
-711816749716078590
711816749716078590
-711816749716078590
711816749716078590
-721782173354426370
731887097530548220
-768481455843049470
806905538943123460
-868230387665469440
934215928739004420
-1035111238872334300
1146903258992738300
-1323526401696989200
1527349469207593000
-1814491191408853000
2155615498560077800
-2621228573792403500
3187413840178446300
-3977892606683119600
4964409898373742600
-6612593771328569300
8807974894613561300
-12436860795285930000
17560847764001128000
-25814446147110961000
37947233703200555000
-57148533024634175000
86065688835142975000
-133746080942393390000
207841404278125100000
-341275602150230070000
560374527753153680000
-950395192313949190000
1611870254045757200000
-2785311706667276000000
4813018876819032500000
-8470913425863480400000
14908807404339744000000
-27253298957851933000000
49819030747154913000000
-92862675078107812000000
173096031821970110000000
-323689593918602910000000
605299570531688970000000
-1130699591123896300000000
2112146864177784900000000
-3920144676759375100000000
7275788432443365800000000
-13212832083853371000000000
23994503202628303000000000
-41846415872780026000000000
72980147990856280000000000
-122022804747487060000000000
204022133153360210000000000
-299096449195074430000000000
438475380389773150000000000
-540201684578187400000000000
665528494880088620000000000
-682832204904014840000000000
700585867909386970000000000
-700585867909386970000000000
700585867909386970000000000
-700585867909386970000000000
700585867909386970000000000
-700585867909386970000000000
700585867909386970000000000
-700585867909386970000000000
700585867909386970000000000
-700585867909386970000000000
779051455010151990000000000
-866305218561584820000000000
1164314213746770000000000000
-1564838332790449400000000000
2510000652149019600000000000
-4026041148758498500000000000
6779853155199500200000000000
-11417272529183666000000000000
19706212201198714000000000000
-34012922511915587000000000000
60202871878005460000000000000
-106559085207463590000000000000
193511301456836970000000000000
-351416526316814760000000000000
650823401600806190000000000000
-1205324958503043300000000000000
2241904424326817800000000000000
-4169942087199097200000000000000
7672693730588535600000000000000
-14117755932355545000000000000000
24960193320145567000000000000000
-44129622292930504000000000000000
67430062012514033000000000000000
-103033130499702560000000000000000
125700421917630960000000000000000
-153354512998656590000000000000000
153354512998656590000000000000000
-153354512998656590000000000000000
153354512998656590000000000000000
-153354512998656590000000000000000
153354512998656590000000000000000
-153354512998656590000000000000000
153354512998656590000000000000000
-153354512998656590000000000000000
153354512998656590000000000000000
-166849713237388460000000000000000
181532494501463860000000000000000
-249425652474142750000000000000000
342710856248249940000000000000000
-540797742610683770000000000000000
853378840470281580000000000000000
-1462691303010244200000000000000000
2507052956185015500000000000000000
-4452526173978591500000000000000000
7907686767236307500000000000000000
-14170574597755780000000000000000000
25393670907214877000000000000000000
-45556247915063723000000000000000000
52754136383004952000000000000000000
-61089290654476717000000000000000000
61089290654476717000000000000000000
-61089290654476717000000000000000000
61089290654476717000000000000000000
-61089290654476717000000000000000000
61089290654476717000000000000000000
-61089290654476717000000000000000000
61089290654476717000000000000000000
-61089290654476717000000000000000000
61089290654476717000000000000000000
-61089290654476717000000000000000000
61455824893068490000000000000000000
-76451047058294030000000000000000000
95105100044830654000000000000000000
-143798906989463170000000000000000000
217423944911995280000000000000000000
-354835883483891350000000000000000000
579092148218466730000000000000000000
-975191167934062140000000000000000000
1642221862467692700000000000000000000
-2775354926971078400000000000000000000
4690349687139556400000000000000000000
-7832884047243842300000000000000000000
13080916967369505000000000000000000000
-21007953227644098000000000000000000000
33738771719893171000000000000000000000
-47301758463421068000000000000000000000
66317065091903807000000000000000000000
-72020331624981031000000000000000000000
78214082598900961000000000000000000000
-78214082598900961000000000000000000000
78214082598900961000000000000000000000
-78214082598900961000000000000000000000
78214082598900961000000000000000000000
-78214082598900961000000000000000000000
78214082598900961000000000000000000000
-78214082598900961000000000000000000000
78214082598900961000000000000000000000
-78214082598900961000000000000000000000
87912623811127099000000000000000000000
-98813790218392159000000000000000000000
129841323511023190000000000000000000000
-170611491974358710000000000000000000000
262741700885697940000000000000000000000
-1.#INF
1.#INF
-1.#IND
-1.#IND
-1.#IND
-1.#IND
-1.#IND
-1.#IND
-1.#IND
-1.#IND
-1.#IND
-1.#IND
-1.#IND
-1.#IND
-1.#IND
-1.#IND
-1.#IND
-1.#IND
-1.#IND
-1.#IND
-1.#IND
-1.#IND
-1.#IND
-1.#IND
-1.#IND
-1.#IND
-1.#IND
-1.#IND
-1.#IND
-1.#IND
-1.#IND
