Godot Engine v3.3.2.stable.mono.official - https://godotengine.org
OpenGL ES 3.0 Renderer: NVIDIA GeForce GTX 1050 Ti/PCIe/SSE2
OpenGL ES Batching: ON
 
Mono: Log file is: 'C:\Users\admin\AppData\Roaming/Godot/mono/mono_logs/2021-11-09_13.08.57_4252.log'
50
50
50.5
49.994999
51.30513
49.960938
52.140701
49.869389
52.837666
49.709099
53.811264
49.421947
54.421986
49.133099
55.139721
48.628544
55.789402
48.189552
56.473389
47.531059
57.40102
46.773682
59.294117
45.346355
61.649311
43.259579
65.024521
40.081898
70.104179
34.978111
76.855873
27.356358
86.300644
16.357031
99.869705
0.156614
120.011749
-24.214216
150.299194
-61.26442
197.38765
-119.202484
269.180664
-209.1073
382.05661
-352.006653
564.104309
-582.915039
857.741272
-962.331421
1349.160889
-1593.929321
2164.841553
-2642.99707
3511.036133
-4393.414551
5814.478516
-7394.535156
9727.90625
-12535.53418
16451.464844
-21387.716797
28191.884766
-36856.554688
48782.652344
-64261.101563
85600.265625
-113715.351563
151829.671875
-203014.296875
275829.21875
-374440.28125
516865.59375
-713136.5
994251.6875
-1385847.5
1934782.75
-2708555.75
3792118
-5316409
7464378.5
-10554490
14924190
-21222056
30177906
-42973196
61451812
-87875952
125838504
-180703952
260213840
-374707776
535082848
-764098176
1085019520
-1525537280
2144905600
-2985708544
4156106496
-5710490112
7846213632
-10717927424
14640689152
-19852773376
26920359936
-36019441664
48194011136
-63230541824
82958467072
-106684588032
137196380160
-174239399936
221284040704
-277490171904
347972665344
-429398261760
529877467136
-637972447232
768118816768
-904843952128
1065906143232
-1225792028672
1409660878848
-1592916836352
