Godot Engine v3.3.2.stable.mono.official - https://godotengine.org
OpenGL ES 3.0 Renderer: NVIDIA GeForce GTX 1050 Ti/PCIe/SSE2
OpenGL ES Batching: ON
 
Mono: Log file is: 'C:\Users\admin\AppData\Roaming/Godot/mono/mono_logs/2021-11-09_13.09.46_15628.log'
50
50
50.200001
50.299999
50.5
50.5
50.599998
50.700001
50.900002
51
51
51.200001
51.400002
51.599998
51.599998
51.799999
52.200001
52.200001
52.900002
52.900002
53.5
53.5
53.900002
54.299999
54.299999
54.599998
54.599998
55.200001
55.200001
55.799999
55.799999
56.299999
56.299999
56.799999
56.799999
57.200001
57.200001
57.5
57.5
58.299999
58.299999
59.200001
59.200001
60.200001
60.200001
61.299999
61.299999
62.400002
62.400002
63.299999
63.299999
65.800003
65.800003
68
68
70.5
70.5
72.099998
72.099998
74
74
78.199997
78.199997
81.800003
81.800003
86.800003
86.800003
88.599998
88.599998
93.400002
93.400002
99.599998
99.599998
103.099998
103.099998
103.800003
103.800003
104.699997
104.699997
105
105.199997
105.199997
105.5
105.699997
105.699997
105.900002
105.800003
104.300003
104.300003
99.599998
99.599998
95.300003
95.300003
89.400002
89.400002
81.099998
81.099998
68.199997
68.199997
52.200001
52.200001
50
50
50
50
50
50
50
50
50
55.299999
55.299999
74.400002
74.400002
93.699997
93.699997
111.599998
111.599998
119.5
119.5
117.599998
117.599998
113.599998
113.599998
109.199997
109.199997
105.5
105.5
101.699997
101.699997
91.5
91.5
70.800003
70.800003
62
62
58.799999
58.799999
57.599998
57.599998
58.799999
58.799999
60.400002
60.400002
61.799999
61.799999
63.599998
63.599998
65.099998
65.099998
66
66
67.300003
67.300003
67.699997
