Godot Engine v3.3.2.stable.mono.official - https://godotengine.org
OpenGL ES 3.0 Renderer: NVIDIA GeForce GTX 1050 Ti/PCIe/SSE2
OpenGL ES Batching: ON
 
Mono: Log file is: 'C:\Users\admin\AppData\Roaming/Godot/mono/mono_logs/2021-11-09_04.14.19_15952.log'
50
88.888885
88.75
87.986115
87.986115
85.902779
85.902779
81.666664
81.666664
76.527779
76.527779
69.236115
69.236115
58.472221
58.472221
52.847221
52.847221
50
50
50
50
50
50
50
50
50
50
50
50
50
50
50
50
50
52.569443
52.569443
65.208336
65.208336
70.069443
70.069443
77.916664
77.916664
83.611115
83.611115
87.5
87.5
89.930557
89.930557
90.694443
90.694443
91.388885
91.388885
91.944443
91.944443
92.638885
92.638885
93.402779
93.402779
94.027779
94.027779
94.513885
94.513885
97.569443
97.569443
100.625
100.625
102.708336
102.708336
103.263885
103.263885
103.472221
103.958336
103.958336
105.555557
105.555557
110.277779
110.277779
110.208336
107.152779
107.152779
101.388885
101.388885
92.5
92.5
86.041664
86.041664
79.861115
79.861115
74.583336
74.583336
69.652779
69.652779
66.388885
66.388885
63.611111
63.611111
61.736111
61.736111
59.305557
59.305557
57.638889
57.638889
55.902779
55.902779
53.888889
53.888889
51.597221
51.597221
50
50
50
50
50
50
50.208332
54.513889
54.513889
59.791668
59.791668
66.805557
66.805557
74.305557
74.305557
78.125
78.125
80.347221
80.347221
80.902779
80.902779
81.319443
81.319443
81.875
81.875
82.708336
82.708336
83.263885
83.263885
83.75
83.75
84.444443
84.444443
85.277779
85.277779
86.041664
86.041664
86.666664
86.666664
87.5
87.5
88.611115
88.611115
89.652779
89.652779
90.208336
90.208336
90.416664
90.625
90.625
91.180557
91.180557
92.152779
92.152779
93.194443
93.194443
93.888885
93.888885
94.930557
94.930557
98.333336
98.333336
101.527779
101.527779
104.652779
104.652779
106.319443
106.319443
107.083336
107.083336
107.916664
107.916664
108.680557
108.680557
108.888885
108.958336
109.930557
109.930557
110.277779
